[0.069s] Invoking command in '/home/farog/ros2_ws/build/my_robot_bringup': /usr/bin/cmake --build /home/farog/ros2_ws/build/my_robot_bringup -- -j20 -l20
[0.095s] -- Found ament_cmake: 1.3.5 (/opt/ros/humble/share/ament_cmake/cmake)
[0.275s] Error parsing '/home/farog/ros2_ws/src/my_robot_bringup/package.xml':
[0.299s] Traceback (most recent call last):
[0.300s]   File "/opt/ros/humble/share/ament_cmake_core/cmake/core/package_xml_2_cmake.py", line 150, in <module>
[0.300s]     main()
[0.300s]   File "/opt/ros/humble/share/ament_cmake_core/cmake/core/package_xml_2_cmake.py", line 53, in main
[0.300s]     raise e
[0.300s]   File "/opt/ros/humble/share/ament_cmake_core/cmake/core/package_xml_2_cmake.py", line 49, in main
[0.300s]     package = parse_package_string(
[0.300s]   File "/usr/lib/python3/dist-packages/catkin_pkg/package.py", line 786, in parse_package_string
[0.300s]     raise InvalidPackage('Error(s):%s' % (''.join(['\n- %s' % e for e in errors])), filename)
[0.300s] catkin_pkg.package.InvalidPackage: Error(s) in package '/home/farog/ros2_ws/src/my_robot_bringup/package.xml':
[0.300s] Error(s):
[0.300s] - The generic dependency on 'gazebo_ros' is redundant with: exec_depend
[0.308s] -- Configuring incomplete, errors occurred!
[0.308s] See also "/home/farog/ros2_ws/build/my_robot_bringup/CMakeFiles/CMakeOutput.log".
[0.308s] [31mCMake Error at /opt/ros/humble/share/ament_cmake_core/cmake/core/ament_package_xml.cmake:95 (message):
[0.308s]   execute_process(/usr/bin/python3.10
[0.308s]   /opt/ros/humble/share/ament_cmake_core/cmake/core/package_xml_2_cmake.py
[0.308s]   /home/farog/ros2_ws/src/my_robot_bringup/package.xml
[0.308s]   /home/farog/ros2_ws/build/my_robot_bringup/ament_cmake_core/package.cmake)
[0.308s]   returned error code 1
[0.308s] Call Stack (most recent call first):
[0.308s]   /opt/ros/humble/share/ament_cmake_core/cmake/core/ament_package_xml.cmake:49 (_ament_package_xml)
[0.308s]   /opt/ros/humble/share/ament_cmake_core/cmake/core/ament_package.cmake:63 (ament_package_xml)
[0.308s]   CMakeLists.txt:16 (ament_package)
[0.308s] 
[0.308s] [0m
[0.313s] gmake: *** [Makefile:226: cmake_check_build_system] Error 1
[0.315s] Invoked command in '/home/farog/ros2_ws/build/my_robot_bringup' returned '2': /usr/bin/cmake --build /home/farog/ros2_ws/build/my_robot_bringup -- -j20 -l20
