[0.066s] Invoking command in '/home/farog/ros2_ws/build/my_robot_bringup': /usr/bin/cmake --build /home/farog/ros2_ws/build/my_robot_bringup -- -j20 -l20
[0.081s] [33mCMake Warning (dev) at /usr/share/cmake-3.22/Modules/FindPackageHandleStandardArgs.cmake:438 (message):
[0.081s]   The package name passed to `find_package_handle_standard_args` (PkgConfig)
[0.081s]   does not match the name of the calling package (gazebo).  This can lead to
[0.081s]   problems in calling code that expects `find_package` result variables
[0.081s]   (e.g., `_FOUND`) to follow a certain pattern.
[0.081s] Call Stack (most recent call first):
[0.081s]   /usr/share/cmake-3.22/Modules/FindPkgConfig.cmake:99 (find_package_handle_standard_args)
[0.082s]   /usr/lib/x86_64-linux-gnu/cmake/gazebo/gazebo-config.cmake:72 (include)
[0.082s]   CMakeLists.txt:8 (find_package)
[0.082s] This warning is for project developers.  Use -Wno-dev to suppress it.
[0.082s] [0m
[0.094s] -- Found DART: /usr/include (Required is at least version "6.6") found components: dart 
[0.111s] -- Found Protobuf: /usr/lib/x86_64-linux-gnu/libprotobuf.so (found version "3.12.4") 
[0.112s] -- Looking for ignition-math6 -- found version 6.15.0
[0.114s] -- Searching for dependencies of ignition-math6
[0.115s] -- Looking for OGRE...
[0.118s] -- Found Ogre Ghadamon (1.9.0)
[0.119s] -- Found OGRE: optimized;/usr/lib/x86_64-linux-gnu/libOgreMain.so;debug;/usr/lib/x86_64-linux-gnu/libOgreMain.so
[0.124s] -- Looking for OGRE_Paging...
[0.124s] -- Found OGRE_Paging: optimized;/usr/lib/x86_64-linux-gnu/libOgrePaging.so;debug;/usr/lib/x86_64-linux-gnu/libOgrePaging.so
[0.124s] -- Looking for OGRE_Terrain...
[0.124s] -- Found OGRE_Terrain: optimized;/usr/lib/x86_64-linux-gnu/libOgreTerrain.so;debug;/usr/lib/x86_64-linux-gnu/libOgreTerrain.so
[0.124s] -- Looking for OGRE_Property...
[0.124s] -- Found OGRE_Property: optimized;/usr/lib/x86_64-linux-gnu/libOgreProperty.so;debug;/usr/lib/x86_64-linux-gnu/libOgreProperty.so
[0.125s] -- Looking for OGRE_RTShaderSystem...
[0.125s] -- Found OGRE_RTShaderSystem: optimized;/usr/lib/x86_64-linux-gnu/libOgreRTShaderSystem.so;debug;/usr/lib/x86_64-linux-gnu/libOgreRTShaderSystem.so
[0.125s] -- Looking for OGRE_Volume...
[0.125s] -- Found OGRE_Volume: optimized;/usr/lib/x86_64-linux-gnu/libOgreVolume.so;debug;/usr/lib/x86_64-linux-gnu/libOgreVolume.so
[0.125s] -- Looking for OGRE_Overlay...
[0.125s] -- Found OGRE_Overlay: optimized;/usr/lib/x86_64-linux-gnu/libOgreOverlay.so;debug;/usr/lib/x86_64-linux-gnu/libOgreOverlay.so
[0.184s] -- Looking for ignition-math6 -- found version 6.15.0
[0.184s] -- Looking for ignition-transport8 -- found version 8.2.1
[0.184s] -- Searching for dependencies of ignition-transport8
[0.194s] -- Found Protobuf: /usr/lib/x86_64-linux-gnu/libprotobuf.so (found suitable version "3.12.4", minimum required is "3") 
[0.200s] -- Config-file not installed for ZeroMQ -- checking for pkg-config
[0.202s] -- Checking for module 'libzmq >= 4'
[0.208s] --   Found libzmq , version 4.3.4
[0.227s] -- Checking for module 'uuid'
[0.234s] --   Found uuid, version 2.37.2
[0.260s] -- Looking for ignition-msgs5 -- found version 5.8.1
[0.260s] -- Searching for dependencies of ignition-msgs5
[0.272s] -- Looking for ignition-math6 -- found version 6.15.0
[0.274s] -- Checking for module 'tinyxml2'
[0.280s] --   Found tinyxml2, version 9.0.0
[0.297s] -- Looking for ignition-msgs5 -- found version 5.8.1
[0.297s] -- Looking for ignition-common3 -- found version 3.14.0
[0.297s] -- Searching for dependencies of ignition-common3
[0.297s] -- Looking for dlfcn.h - found
[0.298s] -- Looking for libdl - found
[0.309s] -- Searching for <ignition-common3> component [graphics]
[0.309s] -- Looking for ignition-common3-graphics -- found version 3.14.0
[0.309s] -- Searching for dependencies of ignition-common3-graphics
[0.310s] -- Looking for ignition-math6 -- found version 6.15.0
[0.310s] -- Looking for ignition-fuel_tools4 -- found version 4.4.0
[0.310s] -- Searching for dependencies of ignition-fuel_tools4
[0.331s] -- Checking for module 'jsoncpp'
[0.337s] --   Found jsoncpp, version 1.9.5
[0.364s] -- Checking for module 'libzip'
[0.373s] --   Found libzip, version 1.7.3
[0.420s] -- Looking for ignition-common3 -- found version 3.14.0
[0.421s] -- Looking for ignition-math6 -- found version 6.15.0
[0.422s] -- Looking for ignition-msgs5 -- found version 5.8.1
[0.424s] -- Found gazebo_ros: 3.7.0 (/opt/ros/humble/share/gazebo_ros/cmake)
[0.529s] -- Found rosidl_generator_c: 3.1.5 (/opt/ros/humble/share/rosidl_generator_c/cmake)
[0.531s] -- Found rosidl_adapter: 3.1.5 (/opt/ros/humble/share/rosidl_adapter/cmake)
[0.534s] -- Found rosidl_generator_cpp: 3.1.5 (/opt/ros/humble/share/rosidl_generator_cpp/cmake)
[0.540s] -- Using all available rosidl_typesupport_c: rosidl_typesupport_fastrtps_c;rosidl_typesupport_introspection_c
[0.549s] -- Using all available rosidl_typesupport_cpp: rosidl_typesupport_fastrtps_cpp;rosidl_typesupport_introspection_cpp
[0.582s] -- Found rmw_implementation_cmake: 6.1.1 (/opt/ros/humble/share/rmw_implementation_cmake/cmake)
[0.582s] -- Found rmw_cyclonedds_cpp: 1.3.4 (/opt/ros/humble/share/rmw_cyclonedds_cpp/cmake)
[0.599s] -- Using RMW implementation 'rmw_cyclonedds_cpp' as default
[0.688s] -- Gazebo version: 11.10
[0.692s] -- Found gazebo_ros_pkgs: 3.7.0 (/opt/ros/humble/share/gazebo_ros_pkgs/cmake)
[0.692s] -- Found sensor_msgs: 4.2.3 (/opt/ros/humble/share/sensor_msgs/cmake)
[0.762s] -- Found nav_msgs: 4.2.3 (/opt/ros/humble/share/nav_msgs/cmake)
[0.808s] -- Found ackermann_msgs: 2.0.2 (/opt/ros/humble/share/ackermann_msgs/cmake)
[0.832s] -- Found tf2: 0.25.4 (/opt/ros/humble/share/tf2/cmake)
[0.836s] -- Found tf2_ros: 0.25.4 (/opt/ros/humble/share/tf2_ros/cmake)
[1.058s] Error parsing '/home/farog/ros2_ws/src/my_robot_bringup/package.xml':
[1.107s] Traceback (most recent call last):
[1.107s]   File "/opt/ros/humble/share/ament_cmake_core/cmake/core/package_xml_2_cmake.py", line 150, in <module>
[1.107s]     main()
[1.107s]   File "/opt/ros/humble/share/ament_cmake_core/cmake/core/package_xml_2_cmake.py", line 53, in main
[1.107s]     raise e
[1.107s]   File "/opt/ros/humble/share/ament_cmake_core/cmake/core/package_xml_2_cmake.py", line 49, in main
[1.107s]     package = parse_package_string(
[1.107s]   File "/usr/lib/python3/dist-packages/catkin_pkg/package.py", line 786, in parse_package_string
[1.111s]     raise InvalidPackage('Error(s):%s' % (''.join(['\n- %s' % e for e in errors])), filename)
[1.111s] catkin_pkg.package.InvalidPackage: Error(s) in package '/home/farog/ros2_ws/src/my_robot_bringup/package.xml':
[1.111s] Error(s):
[1.111s] - The generic dependency on 'gazebo_ros' is redundant with: exec_depend
[1.120s] [31mCMake Error at /opt/ros/humble/share/ament_cmake_core/cmake/core/ament_package_xml.cmake:95 (message):
[1.120s]   execute_process(/usr/bin/python3.10
[1.120s]   /opt/ros/humble/share/ament_cmake_core/cmake/core/package_xml_2_cmake.py
[1.120s]   /home/farog/ros2_ws/src/my_robot_bringup/package.xml
[1.120s]   /home/farog/ros2_ws/build/my_robot_bringup/ament_cmake_core/package.cmake)
[1.120s]   returned error code 1
[1.120s] Call Stack (most recent call first):
[1.120s]   /opt/ros/humble/share/ament_cmake_core/cmake/core/ament_package_xml.cmake:49 (_ament_package_xml)
[1.120s]   /opt/ros/humble/share/ament_cmake_core/cmake/core/ament_package.cmake:63 (ament_package_xml)
[1.120s]   CMakeLists.txt:48 (ament_package)
[1.120s] 
[1.120s] [0m
[1.120s] -- Configuring incomplete, errors occurred!
[1.120s] See also "/home/farog/ros2_ws/build/my_robot_bringup/CMakeFiles/CMakeOutput.log".
[1.129s] gmake: *** [Makefile:226: cmake_check_build_system] Error 1
[1.131s] Invoked command in '/home/farog/ros2_ws/build/my_robot_bringup' returned '2': /usr/bin/cmake --build /home/farog/ros2_ws/build/my_robot_bringup -- -j20 -l20
