[33mCMake Warning (dev) at /usr/share/cmake-3.22/Modules/FindPackageHandleStandardArgs.cmake:438 (message):
  The package name passed to `find_package_handle_standard_args` (PkgConfig)
  does not match the name of the calling package (gazebo).  This can lead to
  problems in calling code that expects `find_package` result variables
  (e.g., `_FOUND`) to follow a certain pattern.
Call Stack (most recent call first):
  /usr/share/cmake-3.22/Modules/FindPkgConfig.cmake:99 (find_package_handle_standard_args)
  /usr/lib/x86_64-linux-gnu/cmake/gazebo/gazebo-config.cmake:72 (include)
  CMakeLists.txt:9 (find_package)
This warning is for project developers.  Use -Wno-dev to suppress it.
[0m
[01m[K/home/farog/ros2_ws/src/car_gazebo_plugin/src/obstacle_avoidance.cpp:1:10:[m[K [01;31m[Kfatal error: [m[Kgeometry_msgs/msg/twist.hpp: No such file or directory
    1 | #include [01;31m[K"geometry_msgs/msg/twist.hpp"[m[K    // Twist
      |          [01;31m[K^~~~~~~~~~~~~~~~~~~~~~~~~~~~~[m[K
compilation terminated.
gmake[2]: *** [CMakeFiles/obstacle_avoidance.dir/build.make:76: CMakeFiles/obstacle_avoidance.dir/src/obstacle_avoidance.cpp.o] Error 1
gmake[1]: *** [CMakeFiles/Makefile2:165: CMakeFiles/obstacle_avoidance.dir/all] Error 2
gmake[1]: *** Waiting for unfinished jobs....
/usr/bin/ld: /usr/lib/gcc/x86_64-linux-gnu/11/../../../x86_64-linux-gnu/Scrt1.o: in function `_start':
(.text+0x1b): undefined reference to `main'
collect2: error: ld returned 1 exit status
gmake[2]: *** [CMakeFiles/car_gazebo_plugin.dir/build.make:317: car_gazebo_plugin] Error 1
gmake[1]: *** [CMakeFiles/Makefile2:139: CMakeFiles/car_gazebo_plugin.dir/all] Error 2
gmake: *** [Makefile:146: all] Error 2
