[0.033s] Invoking command in '/home/farog/ros2_ws/build/car_gazebo_plugin': CMAKE_PREFIX_PATH=${CMAKE_PREFIX_PATH}:/opt/ros/humble /usr/bin/cmake --build /home/farog/ros2_ws/build/car_gazebo_plugin -- -j20 -l20
[0.050s] [33mCMake Warning (dev) at /usr/share/cmake-3.22/Modules/FindPackageHandleStandardArgs.cmake:438 (message):
[0.050s]   The package name passed to `find_package_handle_standard_args` (PkgConfig)
[0.050s]   does not match the name of the calling package (gazebo).  This can lead to
[0.050s]   problems in calling code that expects `find_package` result variables
[0.050s]   (e.g., `_FOUND`) to follow a certain pattern.
[0.050s] Call Stack (most recent call first):
[0.050s]   /usr/share/cmake-3.22/Modules/FindPkgConfig.cmake:99 (find_package_handle_standard_args)
[0.050s]   /usr/lib/x86_64-linux-gnu/cmake/gazebo/gazebo-config.cmake:72 (include)
[0.050s]   CMakeLists.txt:9 (find_package)
[0.050s] This warning is for project developers.  Use -Wno-dev to suppress it.
[0.050s] [0m
[0.064s] -- Found DART: /usr/include (Required is at least version "6.6") found components: dart 
[0.080s] -- Found Protobuf: /usr/lib/x86_64-linux-gnu/libprotobuf.so (found version "3.12.4") 
[0.081s] -- Looking for ignition-math6 -- found version 6.15.0
[0.083s] -- Searching for dependencies of ignition-math6
[0.084s] -- Looking for OGRE...
[0.087s] -- Found Ogre Ghadamon (1.9.0)
[0.087s] -- Found OGRE: optimized;/usr/lib/x86_64-linux-gnu/libOgreMain.so;debug;/usr/lib/x86_64-linux-gnu/libOgreMain.so
[0.093s] -- Looking for OGRE_Paging...
[0.093s] -- Found OGRE_Paging: optimized;/usr/lib/x86_64-linux-gnu/libOgrePaging.so;debug;/usr/lib/x86_64-linux-gnu/libOgrePaging.so
[0.093s] -- Looking for OGRE_Terrain...
[0.093s] -- Found OGRE_Terrain: optimized;/usr/lib/x86_64-linux-gnu/libOgreTerrain.so;debug;/usr/lib/x86_64-linux-gnu/libOgreTerrain.so
[0.093s] -- Looking for OGRE_Property...
[0.093s] -- Found OGRE_Property: optimized;/usr/lib/x86_64-linux-gnu/libOgreProperty.so;debug;/usr/lib/x86_64-linux-gnu/libOgreProperty.so
[0.093s] -- Looking for OGRE_RTShaderSystem...
[0.093s] -- Found OGRE_RTShaderSystem: optimized;/usr/lib/x86_64-linux-gnu/libOgreRTShaderSystem.so;debug;/usr/lib/x86_64-linux-gnu/libOgreRTShaderSystem.so
[0.093s] -- Looking for OGRE_Volume...
[0.093s] -- Found OGRE_Volume: optimized;/usr/lib/x86_64-linux-gnu/libOgreVolume.so;debug;/usr/lib/x86_64-linux-gnu/libOgreVolume.so
[0.093s] -- Looking for OGRE_Overlay...
[0.093s] -- Found OGRE_Overlay: optimized;/usr/lib/x86_64-linux-gnu/libOgreOverlay.so;debug;/usr/lib/x86_64-linux-gnu/libOgreOverlay.so
[0.155s] -- Looking for ignition-math6 -- found version 6.15.0
[0.155s] -- Looking for ignition-transport8 -- found version 8.2.1
[0.155s] -- Searching for dependencies of ignition-transport8
[0.165s] -- Found Protobuf: /usr/lib/x86_64-linux-gnu/libprotobuf.so (found suitable version "3.12.4", minimum required is "3") 
[0.172s] -- Config-file not installed for ZeroMQ -- checking for pkg-config
[0.174s] -- Checking for module 'libzmq >= 4'
[0.186s] --   Found libzmq , version 4.3.4
[0.214s] -- Checking for module 'uuid'
[0.228s] --   Found uuid, version 2.37.2
[0.234s] -- Looking for ignition-msgs5 -- found version 5.8.1
[0.235s] -- Searching for dependencies of ignition-msgs5
[0.245s] -- Looking for ignition-math6 -- found version 6.15.0
[0.247s] -- Checking for module 'tinyxml2'
[0.253s] --   Found tinyxml2, version 9.0.0
[0.269s] -- Looking for ignition-msgs5 -- found version 5.8.1
[0.270s] -- Looking for ignition-common3 -- found version 3.14.0
[0.270s] -- Searching for dependencies of ignition-common3
[0.270s] -- Looking for dlfcn.h - found
[0.271s] -- Looking for libdl - found
[0.276s] -- Searching for <ignition-common3> component [graphics]
[0.277s] -- Looking for ignition-common3-graphics -- found version 3.14.0
[0.277s] -- Searching for dependencies of ignition-common3-graphics
[0.277s] -- Looking for ignition-math6 -- found version 6.15.0
[0.277s] -- Looking for ignition-fuel_tools4 -- found version 4.4.0
[0.278s] -- Searching for dependencies of ignition-fuel_tools4
[0.296s] -- Checking for module 'jsoncpp'
[0.303s] --   Found jsoncpp, version 1.9.5
[0.320s] -- Checking for module 'libzip'
[0.326s] --   Found libzip, version 1.7.3
[0.359s] -- Looking for ignition-common3 -- found version 3.14.0
[0.360s] -- Looking for ignition-math6 -- found version 6.15.0
[0.361s] -- Looking for ignition-msgs5 -- found version 5.8.1
[0.365s] -- Found gazebo_ros: 3.7.0 (/opt/ros/humble/share/gazebo_ros/cmake)
[0.483s] -- Found rosidl_generator_c: 3.1.5 (/opt/ros/humble/share/rosidl_generator_c/cmake)
[0.484s] -- Found rosidl_adapter: 3.1.5 (/opt/ros/humble/share/rosidl_adapter/cmake)
[0.488s] -- Found rosidl_generator_cpp: 3.1.5 (/opt/ros/humble/share/rosidl_generator_cpp/cmake)
[0.493s] -- Using all available rosidl_typesupport_c: rosidl_typesupport_fastrtps_c;rosidl_typesupport_introspection_c
[0.502s] -- Using all available rosidl_typesupport_cpp: rosidl_typesupport_fastrtps_cpp;rosidl_typesupport_introspection_cpp
[0.532s] -- Found rmw_implementation_cmake: 6.1.1 (/opt/ros/humble/share/rmw_implementation_cmake/cmake)
[0.532s] -- Found rmw_cyclonedds_cpp: 1.3.4 (/opt/ros/humble/share/rmw_cyclonedds_cpp/cmake)
[0.547s] -- Using RMW implementation 'rmw_cyclonedds_cpp' as default
[0.633s] -- Gazebo version: 11.10
[0.637s] -- Found gazebo_ros_pkgs: 3.7.0 (/opt/ros/humble/share/gazebo_ros_pkgs/cmake)
[0.638s] -- Found sensor_msgs: 4.2.3 (/opt/ros/humble/share/sensor_msgs/cmake)
[0.704s] -- Found nav_msgs: 4.2.3 (/opt/ros/humble/share/nav_msgs/cmake)
[0.748s] -- Found ackermann_msgs: 2.0.2 (/opt/ros/humble/share/ackermann_msgs/cmake)
[0.770s] -- Found tf2: 0.25.4 (/opt/ros/humble/share/tf2/cmake)
[0.774s] -- Found tf2_ros: 0.25.4 (/opt/ros/humble/share/tf2_ros/cmake)
[0.957s] -- Found ament_lint_auto: 0.12.8 (/opt/ros/humble/share/ament_lint_auto/cmake)
[0.993s] -- Added test 'cppcheck' to perform static code analysis on C / C++ code
[0.993s] -- Configured cppcheck include dirs: $<BUILD_INTERFACE:/home/farog/ros2_ws/src/car_gazebo_plugin/include>
[0.993s] -- Configured cppcheck exclude dirs and/or files: 
[0.993s] -- Added test 'cpplint' to check C / C++ code against the Google style
[0.993s] -- Configured cpplint exclude dirs and/or files: 
[0.994s] -- Added test 'lint_cmake' to check CMake code style
[0.994s] -- Added test 'uncrustify' to check C / C++ code style
[0.994s] -- Configured uncrustify additional arguments: 
[0.994s] -- Added test 'xmllint' to check XML markup files
[0.994s] -- Configuring done
[1.007s] -- Generating done
[1.008s] -- Build files have been written to: /home/farog/ros2_ws/build/car_gazebo_plugin
[1.026s] [35m[1mConsolidate compiler generated dependencies of target car_gazebo_plugin[0m
[1.031s] [ 25%] [32mBuilding CXX object CMakeFiles/obstacle_avoidance.dir/src/obstacle_avoidance.cpp.o[0m
[1.035s] [01m[K/home/farog/ros2_ws/src/car_gazebo_plugin/src/obstacle_avoidance.cpp:1:10:[m[K [01;31m[Kfatal error: [m[Kgeometry_msgs/msg/twist.hpp: No such file or directory
[1.035s]     1 | #include [01;31m[K"geometry_msgs/msg/twist.hpp"[m[K    // Twist
[1.035s]       |          [01;31m[K^~~~~~~~~~~~~~~~~~~~~~~~~~~~~[m[K
[1.035s] compilation terminated.
[1.036s] gmake[2]: *** [CMakeFiles/obstacle_avoidance.dir/build.make:76: CMakeFiles/obstacle_avoidance.dir/src/obstacle_avoidance.cpp.o] Error 1
[1.036s] gmake[1]: *** [CMakeFiles/Makefile2:165: CMakeFiles/obstacle_avoidance.dir/all] Error 2
[1.036s] gmake[1]: *** Waiting for unfinished jobs....
[1.044s] [ 50%] [32mBuilding CXX object CMakeFiles/car_gazebo_plugin.dir/src/car_gazebo_plugin.cpp.o[0m
[12.992s] [ 75%] [32m[1mLinking CXX executable car_gazebo_plugin[0m
[13.978s] /usr/bin/ld: /usr/lib/gcc/x86_64-linux-gnu/11/../../../x86_64-linux-gnu/Scrt1.o: in function `_start':
[13.978s] (.text+0x1b): undefined reference to `main'
[14.051s] collect2: error: ld returned 1 exit status
[14.052s] gmake[2]: *** [CMakeFiles/car_gazebo_plugin.dir/build.make:317: car_gazebo_plugin] Error 1
[14.052s] gmake[1]: *** [CMakeFiles/Makefile2:139: CMakeFiles/car_gazebo_plugin.dir/all] Error 2
[14.053s] gmake: *** [Makefile:146: all] Error 2
[14.055s] Invoked command in '/home/farog/ros2_ws/build/car_gazebo_plugin' returned '2': CMAKE_PREFIX_PATH=${CMAKE_PREFIX_PATH}:/opt/ros/humble /usr/bin/cmake --build /home/farog/ros2_ws/build/car_gazebo_plugin -- -j20 -l20
