[0.034s] Invoking command in '/home/farog/ros2_ws/build/car_gazebo_plugin': CMAKE_PREFIX_PATH=${CMAKE_PREFIX_PATH}:/opt/ros/humble /usr/bin/cmake --build /home/farog/ros2_ws/build/car_gazebo_plugin -- -j20 -l20
[0.056s] [33mCMake Warning (dev) at /usr/share/cmake-3.22/Modules/FindPackageHandleStandardArgs.cmake:438 (message):
[0.056s]   The package name passed to `find_package_handle_standard_args` (PkgConfig)
[0.056s]   does not match the name of the calling package (gazebo).  This can lead to
[0.056s]   problems in calling code that expects `find_package` result variables
[0.056s]   (e.g., `_FOUND`) to follow a certain pattern.
[0.056s] Call Stack (most recent call first):
[0.056s]   /usr/share/cmake-3.22/Modules/FindPkgConfig.cmake:99 (find_package_handle_standard_args)
[0.056s]   /usr/lib/x86_64-linux-gnu/cmake/gazebo/gazebo-config.cmake:72 (include)
[0.056s]   CMakeLists.txt:9 (find_package)
[0.056s] This warning is for project developers.  Use -Wno-dev to suppress it.
[0.056s] [0m
[0.069s] -- Found DART: /usr/include (Required is at least version "6.6") found components: dart 
[0.086s] -- Found Protobuf: /usr/lib/x86_64-linux-gnu/libprotobuf.so (found version "3.12.4") 
[0.087s] -- Looking for ignition-math6 -- found version 6.15.0
[0.089s] -- Searching for dependencies of ignition-math6
[0.090s] -- Looking for OGRE...
[0.093s] -- Found Ogre Ghadamon (1.9.0)
[0.093s] -- Found OGRE: optimized;/usr/lib/x86_64-linux-gnu/libOgreMain.so;debug;/usr/lib/x86_64-linux-gnu/libOgreMain.so
[0.099s] -- Looking for OGRE_Paging...
[0.099s] -- Found OGRE_Paging: optimized;/usr/lib/x86_64-linux-gnu/libOgrePaging.so;debug;/usr/lib/x86_64-linux-gnu/libOgrePaging.so
[0.099s] -- Looking for OGRE_Terrain...
[0.099s] -- Found OGRE_Terrain: optimized;/usr/lib/x86_64-linux-gnu/libOgreTerrain.so;debug;/usr/lib/x86_64-linux-gnu/libOgreTerrain.so
[0.099s] -- Looking for OGRE_Property...
[0.099s] -- Found OGRE_Property: optimized;/usr/lib/x86_64-linux-gnu/libOgreProperty.so;debug;/usr/lib/x86_64-linux-gnu/libOgreProperty.so
[0.099s] -- Looking for OGRE_RTShaderSystem...
[0.099s] -- Found OGRE_RTShaderSystem: optimized;/usr/lib/x86_64-linux-gnu/libOgreRTShaderSystem.so;debug;/usr/lib/x86_64-linux-gnu/libOgreRTShaderSystem.so
[0.099s] -- Looking for OGRE_Volume...
[0.099s] -- Found OGRE_Volume: optimized;/usr/lib/x86_64-linux-gnu/libOgreVolume.so;debug;/usr/lib/x86_64-linux-gnu/libOgreVolume.so
[0.099s] -- Looking for OGRE_Overlay...
[0.099s] -- Found OGRE_Overlay: optimized;/usr/lib/x86_64-linux-gnu/libOgreOverlay.so;debug;/usr/lib/x86_64-linux-gnu/libOgreOverlay.so
[0.162s] -- Looking for ignition-math6 -- found version 6.15.0
[0.162s] -- Looking for ignition-transport8 -- found version 8.2.1
[0.163s] -- Searching for dependencies of ignition-transport8
[0.173s] -- Found Protobuf: /usr/lib/x86_64-linux-gnu/libprotobuf.so (found suitable version "3.12.4", minimum required is "3") 
[0.179s] -- Config-file not installed for ZeroMQ -- checking for pkg-config
[0.181s] -- Checking for module 'libzmq >= 4'
[0.188s] --   Found libzmq , version 4.3.4
[0.209s] -- Checking for module 'uuid'
[0.216s] --   Found uuid, version 2.37.2
[0.236s] -- Looking for ignition-msgs5 -- found version 5.8.1
[0.236s] -- Searching for dependencies of ignition-msgs5
[0.248s] -- Looking for ignition-math6 -- found version 6.15.0
[0.250s] -- Checking for module 'tinyxml2'
[0.256s] --   Found tinyxml2, version 9.0.0
[0.271s] -- Looking for ignition-msgs5 -- found version 5.8.1
[0.271s] -- Looking for ignition-common3 -- found version 3.14.0
[0.271s] -- Searching for dependencies of ignition-common3
[0.271s] -- Looking for dlfcn.h - found
[0.271s] -- Looking for libdl - found
[0.278s] -- Searching for <ignition-common3> component [graphics]
[0.278s] -- Looking for ignition-common3-graphics -- found version 3.14.0
[0.278s] -- Searching for dependencies of ignition-common3-graphics
[0.278s] -- Looking for ignition-math6 -- found version 6.15.0
[0.279s] -- Looking for ignition-fuel_tools4 -- found version 4.4.0
[0.279s] -- Searching for dependencies of ignition-fuel_tools4
[0.299s] -- Checking for module 'jsoncpp'
[0.305s] --   Found jsoncpp, version 1.9.5
[0.327s] -- Checking for module 'libzip'
[0.345s] --   Found libzip, version 1.7.3
[0.407s] -- Looking for ignition-common3 -- found version 3.14.0
[0.408s] -- Looking for ignition-math6 -- found version 6.15.0
[0.408s] -- Looking for ignition-msgs5 -- found version 5.8.1
[0.411s] -- Found gazebo_ros: 3.7.0 (/opt/ros/humble/share/gazebo_ros/cmake)
[0.508s] -- Found rosidl_generator_c: 3.1.5 (/opt/ros/humble/share/rosidl_generator_c/cmake)
[0.509s] -- Found rosidl_adapter: 3.1.5 (/opt/ros/humble/share/rosidl_adapter/cmake)
[0.512s] -- Found rosidl_generator_cpp: 3.1.5 (/opt/ros/humble/share/rosidl_generator_cpp/cmake)
[0.518s] -- Using all available rosidl_typesupport_c: rosidl_typesupport_fastrtps_c;rosidl_typesupport_introspection_c
[0.526s] -- Using all available rosidl_typesupport_cpp: rosidl_typesupport_fastrtps_cpp;rosidl_typesupport_introspection_cpp
[0.557s] -- Found rmw_implementation_cmake: 6.1.1 (/opt/ros/humble/share/rmw_implementation_cmake/cmake)
[0.558s] -- Found rmw_cyclonedds_cpp: 1.3.4 (/opt/ros/humble/share/rmw_cyclonedds_cpp/cmake)
[0.574s] -- Using RMW implementation 'rmw_cyclonedds_cpp' as default
[0.661s] -- Gazebo version: 11.10
[0.667s] -- Found gazebo_ros_pkgs: 3.7.0 (/opt/ros/humble/share/gazebo_ros_pkgs/cmake)
[0.667s] -- Found sensor_msgs: 4.2.3 (/opt/ros/humble/share/sensor_msgs/cmake)
[0.735s] -- Found nav_msgs: 4.2.3 (/opt/ros/humble/share/nav_msgs/cmake)
[0.781s] -- Found ackermann_msgs: 2.0.2 (/opt/ros/humble/share/ackermann_msgs/cmake)
[0.805s] -- Found tf2: 0.25.4 (/opt/ros/humble/share/tf2/cmake)
[0.809s] -- Found tf2_ros: 0.25.4 (/opt/ros/humble/share/tf2_ros/cmake)
[0.998s] -- Found ament_lint_auto: 0.12.8 (/opt/ros/humble/share/ament_lint_auto/cmake)
[1.036s] -- Added test 'cppcheck' to perform static code analysis on C / C++ code
[1.036s] -- Configured cppcheck include dirs: $<BUILD_INTERFACE:/home/farog/ros2_ws/src/car_gazebo_plugin/include>
[1.036s] -- Configured cppcheck exclude dirs and/or files: 
[1.036s] -- Added test 'cpplint' to check C / C++ code against the Google style
[1.036s] -- Configured cpplint exclude dirs and/or files: 
[1.037s] -- Added test 'lint_cmake' to check CMake code style
[1.037s] -- Added test 'uncrustify' to check C / C++ code style
[1.037s] -- Configured uncrustify additional arguments: 
[1.037s] -- Added test 'xmllint' to check XML markup files
[1.037s] -- Configuring done
[1.050s] -- Generating done
[1.051s] -- Build files have been written to: /home/farog/ros2_ws/build/car_gazebo_plugin
[1.070s] [35m[1mConsolidate compiler generated dependencies of target car_gazebo_plugin[0m
[1.094s] [ 33%] [32mBuilding CXX object CMakeFiles/car_gazebo_plugin.dir/src/obstacle_avoidance.cpp.o[0m
[1.247s] [01m[K/home/farog/ros2_ws/src/car_gazebo_plugin/src/obstacle_avoidance.cpp:11:80:[m[K [01;35m[Kwarning: [m[Kcharacter constant too long for its type
[1.247s]    11 |         velocity_publisher = this->create_publisher<geometry_msgs::msg::Twist>([01;35m[K'/cmd_vel'[m[K, 10);
[1.247s]       |                                                                                [01;35m[K^~~~~~~~~~[m[K
[1.247s] [01m[K/home/farog/ros2_ws/src/car_gazebo_plugin/src/obstacle_avoidance.cpp:14:9:[m[K [01;35m[Kwarning: [m[Kcharacter constant too long for its type
[1.247s]    14 |         [01;35m[K'/scan'[m[K, default_qos,
[1.247s]       |         [01;35m[K^~~~~~~[m[K
[2.316s] [01m[K/home/farog/ros2_ws/src/car_gazebo_plugin/src/obstacle_avoidance.cpp:[m[K In constructor â€˜[01m[KObstacleAvoidance::ObstacleAvoidance()[m[Kâ€™:
[2.316s] [01m[K/home/farog/ros2_ws/src/car_gazebo_plugin/src/obstacle_avoidance.cpp:11:79:[m[K [01;31m[Kerror: [m[Kno matching function for call to â€˜[01m[KObstacleAvoidance::create_publisher<geometry_msgs::msg::Twist>(int, int)[m[Kâ€™
[2.316s]    11 |         velocity_publisher = [01;31m[Kthis->create_publisher<geometry_msgs::msg::Twist>('/cmd_vel', 10)[m[K;
[2.316s]       |                              [01;31m[K~~~~~~~~~~~~~~~~~~~~~~~~~~~~~~~~~~~~~~~~~~~~~~~~~^~~~~~~~~~~~~~~~[m[K
[2.316s] In file included from [01m[K/opt/ros/humble/include/rclcpp/rclcpp/executors/single_threaded_executor.hpp:28[m[K,
[2.316s]                  from [01m[K/opt/ros/humble/include/rclcpp/rclcpp/executors.hpp:22[m[K,
[2.316s]                  from [01m[K/opt/ros/humble/include/rclcpp/rclcpp/rclcpp.hpp:155[m[K,
[2.316s]                  from [01m[K/home/farog/ros2_ws/src/car_gazebo_plugin/src/obstacle_avoidance.cpp:1[m[K:
[2.316s] [01m[K/opt/ros/humble/include/rclcpp/rclcpp/node.hpp:195:3:[m[K [01;36m[Knote: [m[Kcandidate: â€˜[01m[Ktemplate<class MessageT, class AllocatorT, class PublisherT> std::shared_ptr<PublisherT> rclcpp::Node::create_publisher(const string&, const rclcpp::QoS&, const rclcpp::PublisherOptionsWithAllocator<AllocatorT>&)[m[Kâ€™
[2.316s]   195 |   [01;36m[Kcreate_publisher[m[K(
[2.316s]       |   [01;36m[K^~~~~~~~~~~~~~~~[m[K
[2.316s] [01m[K/opt/ros/humble/include/rclcpp/rclcpp/node.hpp:195:3:[m[K [01;36m[Knote: [m[K  template argument deduction/substitution failed:
[2.316s] [01m[K/home/farog/ros2_ws/src/car_gazebo_plugin/src/obstacle_avoidance.cpp:11:80:[m[K [01;36m[Knote: [m[K  cannot convert â€˜[01m[K1601594732[m[Kâ€™ (type â€˜[01m[Kint[m[Kâ€™) to type â€˜[01m[Kconst string&[m[Kâ€™ {aka â€˜[01m[Kconst std::__cxx11::basic_string<char>&[m[Kâ€™}
[2.316s]    11 |         velocity_publisher = this->create_publisher<geometry_msgs::msg::Twist>([01;36m[K'/cmd_vel'[m[K, 10);
[2.316s]       |                                                                                [01;36m[K^~~~~~~~~~[m[K
[2.319s] [01m[K/home/farog/ros2_ws/src/car_gazebo_plugin/src/obstacle_avoidance.cpp:13:79:[m[K [01;31m[Kerror: [m[Kno matching function for call to â€˜[01m[KObstacleAvoidance::create_subscription<sensor_msgs::msg::LaserScan>(int, rclcpp::QoS&, std::_Bind_helper<false, void (ObstacleAvoidance::*)(std::shared_ptr<sensor_msgs::msg::LaserScan_<std::allocator<void> > >), ObstacleAvoidance*, const std::_Placeholder<1>&>::type)[m[Kâ€™
[2.319s]    13 |         subscription_ = [01;31m[Kthis->create_subscription<sensor_msgs::msg::LaserScan>([m[K
[2.319s]       |                         [01;31m[K~~~~~~~~~~~~~~~~~~~~~~~~~~~~~~~~~~~~~~~~~~~~~~~~~~~~~~^[m[K
[2.319s]    14 | [01;31m[K        '/scan', default_qos,[m[K
[2.319s]       |         [01;31m[K~~~~~~~~~~~~~~~~~~~~~[m[K                                                  
[2.319s]    15 | [01;31m[K        std::bind(&ObstacleAvoidance::topic_callback, this, _1))[m[K;
[2.319s]       |         [01;31m[K~~~~~~~~~~~~~~~~~~~~~~~~~~~~~~~~~~~~~~~~~~~~~~~~~~~~~~~~[m[K               
[2.319s] In file included from [01m[K/opt/ros/humble/include/rclcpp/rclcpp/executors/single_threaded_executor.hpp:28[m[K,
[2.319s]                  from [01m[K/opt/ros/humble/include/rclcpp/rclcpp/executors.hpp:22[m[K,
[2.319s]                  from [01m[K/opt/ros/humble/include/rclcpp/rclcpp/rclcpp.hpp:155[m[K,
[2.319s]                  from [01m[K/home/farog/ros2_ws/src/car_gazebo_plugin/src/obstacle_avoidance.cpp:1[m[K:
[2.319s] [01m[K/opt/ros/humble/include/rclcpp/rclcpp/node.hpp:219:3:[m[K [01;36m[Knote: [m[Kcandidate: â€˜[01m[Ktemplate<class MessageT, class CallbackT, class AllocatorT, class SubscriptionT, class MessageMemoryStrategyT> std::shared_ptr<ROSMessageT> rclcpp::Node::create_subscription(const string&, const rclcpp::QoS&, CallbackT&&, const rclcpp::SubscriptionOptionsWithAllocator<AllocatorT>&, typename MessageMemoryStrategyT::SharedPtr)[m[Kâ€™
[2.319s]   219 |   [01;36m[Kcreate_subscription[m[K(
[2.319s]       |   [01;36m[K^~~~~~~~~~~~~~~~~~~[m[K
[2.319s] [01m[K/opt/ros/humble/include/rclcpp/rclcpp/node.hpp:219:3:[m[K [01;36m[Knote: [m[K  template argument deduction/substitution failed:
[2.319s] [01m[K/home/farog/ros2_ws/src/car_gazebo_plugin/src/obstacle_avoidance.cpp:14:9:[m[K [01;36m[Knote: [m[K  cannot convert â€˜[01m[K1935892846[m[Kâ€™ (type â€˜[01m[Kint[m[Kâ€™) to type â€˜[01m[Kconst string&[m[Kâ€™ {aka â€˜[01m[Kconst std::__cxx11::basic_string<char>&[m[Kâ€™}
[2.319s]    14 |         [01;36m[K'/scan'[m[K, default_qos,
[2.319s]       |         [01;36m[K^~~~~~~[m[K
[2.605s] gmake[2]: *** [CMakeFiles/car_gazebo_plugin.dir/build.make:90: CMakeFiles/car_gazebo_plugin.dir/src/obstacle_avoidance.cpp.o] Error 1
[2.605s] gmake[1]: *** [CMakeFiles/Makefile2:137: CMakeFiles/car_gazebo_plugin.dir/all] Error 2
[2.605s] gmake: *** [Makefile:146: all] Error 2
[2.607s] Invoked command in '/home/farog/ros2_ws/build/car_gazebo_plugin' returned '2': CMAKE_PREFIX_PATH=${CMAKE_PREFIX_PATH}:/opt/ros/humble /usr/bin/cmake --build /home/farog/ros2_ws/build/car_gazebo_plugin -- -j20 -l20
