[0.025s] Invoking command in '/home/farog/ros2_ws/build/my_robot_description': CMAKE_PREFIX_PATH=${CMAKE_PREFIX_PATH}:/opt/ros/humble /usr/bin/cmake --build /home/farog/ros2_ws/build/my_robot_description -- -j20 -l20
[0.134s] -- Found ament_cmake: 1.3.5 (/opt/ros/humble/share/ament_cmake/cmake)
[0.412s] -- Configuring done
[0.437s] -- Generating done
[0.448s] -- Build files have been written to: /home/farog/ros2_ws/build/my_robot_description
[0.502s] [ 50%] [32mBuilding CXX object CMakeFiles/obstacle_avoider.dir/src/ObstacleAvoider.cpp.o[0m
[0.860s] In file included from [01m[K/home/farog/ros2_ws/src/my_robot_description/src/ObstacleAvoider.cpp:1[m[K:
[0.860s] [01m[K/home/farog/ros2_ws/src/my_robot_description/src/ObstacleAvoider.hpp:3:10:[m[K [01;31m[Kfatal error: [m[Kgeometry_msgs/msg/twist.hpp: No such file or directory
[0.860s]     3 | #include [01;31m[K"geometry_msgs/msg/twist.hpp"[m[K
[0.860s]       |          [01;31m[K^~~~~~~~~~~~~~~~~~~~~~~~~~~~~[m[K
[0.860s] compilation terminated.
[0.860s] gmake[2]: *** [CMakeFiles/obstacle_avoider.dir/build.make:76: CMakeFiles/obstacle_avoider.dir/src/ObstacleAvoider.cpp.o] Error 1
[0.860s] gmake[1]: *** [CMakeFiles/Makefile2:137: CMakeFiles/obstacle_avoider.dir/all] Error 2
[0.861s] gmake: *** [Makefile:146: all] Error 2
[0.862s] Invoked command in '/home/farog/ros2_ws/build/my_robot_description' returned '2': CMAKE_PREFIX_PATH=${CMAKE_PREFIX_PATH}:/opt/ros/humble /usr/bin/cmake --build /home/farog/ros2_ws/build/my_robot_description -- -j20 -l20
