[0.033s] Invoking command in '/home/farog/ros2_ws/build/car_gazebo_plugin': CMAKE_PREFIX_PATH=${CMAKE_PREFIX_PATH}:/opt/ros/humble /usr/bin/cmake --build /home/farog/ros2_ws/build/car_gazebo_plugin -- -j20 -l20
[0.049s] [33mCMake Warning (dev) at /usr/share/cmake-3.22/Modules/FindPackageHandleStandardArgs.cmake:438 (message):
[0.049s]   The package name passed to `find_package_handle_standard_args` (PkgConfig)
[0.050s]   does not match the name of the calling package (gazebo).  This can lead to
[0.050s]   problems in calling code that expects `find_package` result variables
[0.050s]   (e.g., `_FOUND`) to follow a certain pattern.
[0.050s] Call Stack (most recent call first):
[0.050s]   /usr/share/cmake-3.22/Modules/FindPkgConfig.cmake:99 (find_package_handle_standard_args)
[0.050s]   /usr/lib/x86_64-linux-gnu/cmake/gazebo/gazebo-config.cmake:72 (include)
[0.050s]   CMakeLists.txt:9 (find_package)
[0.050s] This warning is for project developers.  Use -Wno-dev to suppress it.
[0.050s] [0m
[0.062s] -- Found DART: /usr/include (Required is at least version "6.6") found components: dart 
[0.079s] -- Found Protobuf: /usr/lib/x86_64-linux-gnu/libprotobuf.so (found version "3.12.4") 
[0.079s] -- Looking for ignition-math6 -- found version 6.15.0
[0.082s] -- Searching for dependencies of ignition-math6
[0.083s] -- Looking for OGRE...
[0.085s] -- Found Ogre Ghadamon (1.9.0)
[0.086s] -- Found OGRE: optimized;/usr/lib/x86_64-linux-gnu/libOgreMain.so;debug;/usr/lib/x86_64-linux-gnu/libOgreMain.so
[0.091s] -- Looking for OGRE_Paging...
[0.091s] -- Found OGRE_Paging: optimized;/usr/lib/x86_64-linux-gnu/libOgrePaging.so;debug;/usr/lib/x86_64-linux-gnu/libOgrePaging.so
[0.091s] -- Looking for OGRE_Terrain...
[0.091s] -- Found OGRE_Terrain: optimized;/usr/lib/x86_64-linux-gnu/libOgreTerrain.so;debug;/usr/lib/x86_64-linux-gnu/libOgreTerrain.so
[0.091s] -- Looking for OGRE_Property...
[0.092s] -- Found OGRE_Property: optimized;/usr/lib/x86_64-linux-gnu/libOgreProperty.so;debug;/usr/lib/x86_64-linux-gnu/libOgreProperty.so
[0.092s] -- Looking for OGRE_RTShaderSystem...
[0.092s] -- Found OGRE_RTShaderSystem: optimized;/usr/lib/x86_64-linux-gnu/libOgreRTShaderSystem.so;debug;/usr/lib/x86_64-linux-gnu/libOgreRTShaderSystem.so
[0.092s] -- Looking for OGRE_Volume...
[0.092s] -- Found OGRE_Volume: optimized;/usr/lib/x86_64-linux-gnu/libOgreVolume.so;debug;/usr/lib/x86_64-linux-gnu/libOgreVolume.so
[0.092s] -- Looking for OGRE_Overlay...
[0.092s] -- Found OGRE_Overlay: optimized;/usr/lib/x86_64-linux-gnu/libOgreOverlay.so;debug;/usr/lib/x86_64-linux-gnu/libOgreOverlay.so
[0.155s] -- Looking for ignition-math6 -- found version 6.15.0
[0.155s] -- Looking for ignition-transport8 -- found version 8.2.1
[0.155s] -- Searching for dependencies of ignition-transport8
[0.165s] -- Found Protobuf: /usr/lib/x86_64-linux-gnu/libprotobuf.so (found suitable version "3.12.4", minimum required is "3") 
[0.171s] -- Config-file not installed for ZeroMQ -- checking for pkg-config
[0.174s] -- Checking for module 'libzmq >= 4'
[0.180s] --   Found libzmq , version 4.3.4
[0.200s] -- Checking for module 'uuid'
[0.206s] --   Found uuid, version 2.37.2
[0.221s] -- Looking for ignition-msgs5 -- found version 5.8.1
[0.222s] -- Searching for dependencies of ignition-msgs5
[0.232s] -- Looking for ignition-math6 -- found version 6.15.0
[0.234s] -- Checking for module 'tinyxml2'
[0.240s] --   Found tinyxml2, version 9.0.0
[0.256s] -- Looking for ignition-msgs5 -- found version 5.8.1
[0.256s] -- Looking for ignition-common3 -- found version 3.14.0
[0.256s] -- Searching for dependencies of ignition-common3
[0.256s] -- Looking for dlfcn.h - found
[0.256s] -- Looking for libdl - found
[0.262s] -- Searching for <ignition-common3> component [graphics]
[0.262s] -- Looking for ignition-common3-graphics -- found version 3.14.0
[0.263s] -- Searching for dependencies of ignition-common3-graphics
[0.263s] -- Looking for ignition-math6 -- found version 6.15.0
[0.263s] -- Looking for ignition-fuel_tools4 -- found version 4.4.0
[0.263s] -- Searching for dependencies of ignition-fuel_tools4
[0.283s] -- Checking for module 'jsoncpp'
[0.289s] --   Found jsoncpp, version 1.9.5
[0.308s] -- Checking for module 'libzip'
[0.315s] --   Found libzip, version 1.7.3
[0.352s] -- Looking for ignition-common3 -- found version 3.14.0
[0.353s] -- Looking for ignition-math6 -- found version 6.15.0
[0.354s] -- Looking for ignition-msgs5 -- found version 5.8.1
[0.357s] -- Found gazebo_ros: 3.7.0 (/opt/ros/humble/share/gazebo_ros/cmake)
[0.476s] -- Found rosidl_generator_c: 3.1.5 (/opt/ros/humble/share/rosidl_generator_c/cmake)
[0.477s] -- Found rosidl_adapter: 3.1.5 (/opt/ros/humble/share/rosidl_adapter/cmake)
[0.481s] -- Found rosidl_generator_cpp: 3.1.5 (/opt/ros/humble/share/rosidl_generator_cpp/cmake)
[0.486s] -- Using all available rosidl_typesupport_c: rosidl_typesupport_fastrtps_c;rosidl_typesupport_introspection_c
[0.494s] -- Using all available rosidl_typesupport_cpp: rosidl_typesupport_fastrtps_cpp;rosidl_typesupport_introspection_cpp
[0.524s] -- Found rmw_implementation_cmake: 6.1.1 (/opt/ros/humble/share/rmw_implementation_cmake/cmake)
[0.525s] -- Found rmw_cyclonedds_cpp: 1.3.4 (/opt/ros/humble/share/rmw_cyclonedds_cpp/cmake)
[0.540s] -- Using RMW implementation 'rmw_cyclonedds_cpp' as default
[0.624s] -- Gazebo version: 11.10
[0.628s] -- Found gazebo_ros_pkgs: 3.7.0 (/opt/ros/humble/share/gazebo_ros_pkgs/cmake)
[0.628s] -- Found sensor_msgs: 4.2.3 (/opt/ros/humble/share/sensor_msgs/cmake)
[0.693s] -- Found nav_msgs: 4.2.3 (/opt/ros/humble/share/nav_msgs/cmake)
[0.737s] -- Found ackermann_msgs: 2.0.2 (/opt/ros/humble/share/ackermann_msgs/cmake)
[0.758s] -- Found tf2: 0.25.4 (/opt/ros/humble/share/tf2/cmake)
[0.763s] -- Found tf2_ros: 0.25.4 (/opt/ros/humble/share/tf2_ros/cmake)
[0.936s] [33mCMake Warning at CMakeLists.txt:19 (find_package):
[0.936s]   By not providing "Findobstacle_avoidance.cmake" in CMAKE_MODULE_PATH this
[0.936s]   project has asked CMake to find a package configuration file provided by
[0.936s]   "obstacle_avoidance", but CMake did not find one.
[0.936s] 
[0.936s]   Could not find a package configuration file provided by
[0.936s]   "obstacle_avoidance" with any of the following names:
[0.936s] 
[0.936s]     obstacle_avoidanceConfig.cmake
[0.936s]     obstacle_avoidance-config.cmake
[0.936s] 
[0.936s]   Add the installation prefix of "obstacle_avoidance" to CMAKE_PREFIX_PATH or
[0.936s]   set "obstacle_avoidance_DIR" to a directory containing one of the above
[0.936s]   files.  If "obstacle_avoidance" provides a separate development package or
[0.936s]   SDK, be sure it has been installed.
[0.936s] 
[0.936s] [0m
[0.949s] -- Found ament_lint_auto: 0.12.8 (/opt/ros/humble/share/ament_lint_auto/cmake)
[0.985s] -- Added test 'cppcheck' to perform static code analysis on C / C++ code
[0.985s] -- Configured cppcheck include dirs: $<BUILD_INTERFACE:/home/farog/ros2_ws/src/car_gazebo_plugin/include>
[0.985s] -- Configured cppcheck exclude dirs and/or files: 
[0.985s] -- Added test 'cpplint' to check C / C++ code against the Google style
[0.985s] -- Configured cpplint exclude dirs and/or files: 
[0.985s] -- Added test 'lint_cmake' to check CMake code style
[0.985s] -- Added test 'uncrustify' to check C / C++ code style
[0.985s] -- Configured uncrustify additional arguments: 
[0.986s] -- Added test 'xmllint' to check XML markup files
[0.986s] -- Configuring done
[1.007s] -- Generating done
[1.008s] -- Build files have been written to: /home/farog/ros2_ws/build/car_gazebo_plugin
[1.027s] [35m[1mConsolidate compiler generated dependencies of target car_gazebo_plugin[0m
[1.052s] [ 33%] [32mBuilding CXX object CMakeFiles/car_gazebo_plugin.dir/src/obstacle_avoidance.cpp.o[0m
[1.203s] [01m[K/home/farog/ros2_ws/src/car_gazebo_plugin/src/obstacle_avoidance.cpp:4:10:[m[K [01;31m[Kfatal error: [m[Kexample_interfaces/msg/string.hpp: No such file or directory
[1.203s]     4 | #include [01;31m[K"example_interfaces/msg/string.hpp"[m[K
[1.203s]       |          [01;31m[K^~~~~~~~~~~~~~~~~~~~~~~~~~~~~~~~~~~[m[K
[1.203s] compilation terminated.
[1.206s] gmake[2]: *** [CMakeFiles/car_gazebo_plugin.dir/build.make:90: CMakeFiles/car_gazebo_plugin.dir/src/obstacle_avoidance.cpp.o] Error 1
[1.207s] gmake[1]: *** [CMakeFiles/Makefile2:137: CMakeFiles/car_gazebo_plugin.dir/all] Error 2
[1.207s] gmake: *** [Makefile:146: all] Error 2
[1.208s] Invoked command in '/home/farog/ros2_ws/build/car_gazebo_plugin' returned '2': CMAKE_PREFIX_PATH=${CMAKE_PREFIX_PATH}:/opt/ros/humble /usr/bin/cmake --build /home/farog/ros2_ws/build/car_gazebo_plugin -- -j20 -l20
