[0.014s] Invoking command in '/home/farog/ros2_ws/build/my_robot_bringup': /usr/bin/cmake --build /home/farog/ros2_ws/build/my_robot_bringup -- -j20 -l20
[0.049s] -- Found ament_cmake: 1.3.5 (/opt/ros/humble/share/ament_cmake/cmake)
[0.325s] Error parsing '/home/farog/ros2_ws/src/my_robot_bringup/package.xml':
[0.374s] Traceback (most recent call last):
[0.374s]   File "/opt/ros/humble/share/ament_cmake_core/cmake/core/package_xml_2_cmake.py", line 150, in <module>
[0.374s]     main()
[0.374s]   File "/opt/ros/humble/share/ament_cmake_core/cmake/core/package_xml_2_cmake.py", line 53, in main
[0.374s]     raise e
[0.374s]   File "/opt/ros/humble/share/ament_cmake_core/cmake/core/package_xml_2_cmake.py", line 49, in main
[0.374s]     package = parse_package_string(
[0.374s]   File "/usr/lib/python3/dist-packages/catkin_pkg/package.py", line 719, in parse_package_string
[0.376s]     export_node = _get_optional_node(root, 'export', filename)
[0.376s]   File "/usr/lib/python3/dist-packages/catkin_pkg/package.py", line 807, in _get_optional_node
[0.376s]     raise InvalidPackage('The manifest must not contain more than one "%s" tags' % tagname, filename)
[0.376s] catkin_pkg.package.InvalidPackage: Error(s) in package '/home/farog/ros2_ws/src/my_robot_bringup/package.xml':
[0.376s] The manifest must not contain more than one "export" tags
[0.384s] [31mCMake Error at /opt/ros/humble/share/ament_cmake_core/cmake/core/ament_package_xml.cmake:95 (message):
[0.384s]   execute_process(/usr/bin/python3.10
[0.384s]   /opt/ros/humble/share/ament_cmake_core/cmake/core/package_xml_2_cmake.py
[0.384s]   /home/farog/ros2_ws/src/my_robot_bringup/package.xml
[0.384s]   /home/farog/ros2_ws/build/my_robot_bringup/ament_cmake_core/package.cmake)
[0.384s]   returned error code 1
[0.384s] Call Stack (most recent call first):
[0.384s]   /opt/ros/humble/share/ament_cmake_core/cmake/core/ament_package_xml.cmake:49 (_ament_package_xml)
[0.384s]   /opt/ros/humble/share/ament_cmake_core/cmake/core/ament_package.cmake:63 (ament_package_xml)
[0.384s]   CMakeLists.txt:16 (ament_package)
[0.384s] 
[0.384s] [0m
[0.384s] -- Configuring incomplete, errors occurred!
[0.384s] See also "/home/farog/ros2_ws/build/my_robot_bringup/CMakeFiles/CMakeOutput.log".
[0.387s] gmake: *** [Makefile:226: cmake_check_build_system] Error 1
[0.388s] Invoked command in '/home/farog/ros2_ws/build/my_robot_bringup' returned '2': /usr/bin/cmake --build /home/farog/ros2_ws/build/my_robot_bringup -- -j20 -l20
