[33mCMake Warning (dev) at /usr/share/cmake-3.22/Modules/FindPackageHandleStandardArgs.cmake:438 (message):
  The package name passed to `find_package_handle_standard_args` (PkgConfig)
  does not match the name of the calling package (gazebo).  This can lead to
  problems in calling code that expects `find_package` result variables
  (e.g., `_FOUND`) to follow a certain pattern.
Call Stack (most recent call first):
  /usr/share/cmake-3.22/Modules/FindPkgConfig.cmake:99 (find_package_handle_standard_args)
  /usr/lib/x86_64-linux-gnu/cmake/gazebo/gazebo-config.cmake:72 (include)
  CMakeLists.txt:9 (find_package)
This warning is for project developers.  Use -Wno-dev to suppress it.
[0m
In file included from [01m[K/home/farog/ros2_ws/src/car_gazebo_plugin/src/car_gazebo_plugin.cpp:1[m[K:
[01m[K/home/farog/ros2_ws/src/car_gazebo_plugin/src/car_gazebo_plugin.hpp:156:45:[m[K [01;31m[Kerror: [m[Kâ€˜[01m[KAckermannDriveStamped[m[Kâ€™ is not a member of â€˜[01m[Kackermann_msgs::msg[m[Kâ€™; did you mean â€˜[01m[KAckermannDrive_[m[Kâ€™?
  156 |   rclcpp::Subscription<ackermann_msgs::msg::[01;31m[KAckermannDriveStamped[m[K>::SharedPtr
      |                                             [01;31m[K^~~~~~~~~~~~~~~~~~~~~[m[K
      |                                             [32m[KAckermannDrive_[m[K
[01m[K/home/farog/ros2_ws/src/car_gazebo_plugin/src/car_gazebo_plugin.hpp:156:66:[m[K [01;31m[Kerror: [m[Ktemplate argument 1 is invalid
  156 |   rclcpp::Subscription<ackermann_msgs::msg::AckermannDriveStamped[01;31m[K>[m[K::SharedPtr
      |                                                                  [01;31m[K^[m[K
[01m[K/home/farog/ros2_ws/src/car_gazebo_plugin/src/car_gazebo_plugin.hpp:156:66:[m[K [01;31m[Kerror: [m[Ktemplate argument 3 is invalid
[01m[K/home/farog/ros2_ws/src/car_gazebo_plugin/src/car_gazebo_plugin.hpp:156:66:[m[K [01;31m[Kerror: [m[Ktemplate argument 4 is invalid
[01m[K/home/farog/ros2_ws/src/car_gazebo_plugin/src/car_gazebo_plugin.hpp:156:66:[m[K [01;31m[Kerror: [m[Ktemplate argument 5 is invalid
[01m[K/home/farog/ros2_ws/src/car_gazebo_plugin/src/car_gazebo_plugin.hpp:156:69:[m[K [01;31m[Kerror: [m[Kexpected â€˜[01m[K;[m[Kâ€™ at end of member declaration
  156 |   rclcpp::Subscription<ackermann_msgs::msg::AckermannDriveStamped>::[01;31m[KSharedPtr[m[K
      |                                                                     [01;31m[K^~~~~~~~~[m[K
      |                                                                              [32m[K;[m[K
[01m[K/home/farog/ros2_ws/src/car_gazebo_plugin/src/car_gazebo_plugin.hpp:157:7:[m[K [01;31m[Kerror: [m[Kâ€˜[01m[Kackermann_sub[m[Kâ€™ does not name a type
  157 |       [01;31m[Kackermann_sub[m[K;
      |       [01;31m[K^~~~~~~~~~~~~[m[K
[01m[K/home/farog/ros2_ws/src/car_gazebo_plugin/src/car_gazebo_plugin.hpp:166:42:[m[K [01;31m[Kerror: [m[Kâ€˜[01m[KAckermannDriveStamped[m[Kâ€™ is not a member of â€˜[01m[Kackermann_msgs::msg[m[Kâ€™; did you mean â€˜[01m[KAckermannDrive_[m[Kâ€™?
  166 |   rclcpp::Publisher<ackermann_msgs::msg::[01;31m[KAckermannDriveStamped[m[K>::SharedPtr ackermann_pub;
      |                                          [01;31m[K^~~~~~~~~~~~~~~~~~~~~[m[K
      |                                          [32m[KAckermannDrive_[m[K
[01m[K/home/farog/ros2_ws/src/car_gazebo_plugin/src/car_gazebo_plugin.hpp:166:63:[m[K [01;31m[Kerror: [m[Ktemplate argument 1 is invalid
  166 |   rclcpp::Publisher<ackermann_msgs::msg::AckermannDriveStamped[01;31m[K>[m[K::SharedPtr ackermann_pub;
      |                                                               [01;31m[K^[m[K
[01m[K/home/farog/ros2_ws/src/car_gazebo_plugin/src/car_gazebo_plugin.hpp:166:66:[m[K [01;31m[Kerror: [m[Kexpected â€˜[01m[K;[m[Kâ€™ at end of member declaration
  166 |   rclcpp::Publisher<ackermann_msgs::msg::AckermannDriveStamped>::[01;31m[KSharedPtr[m[K ackermann_pub;
      |                                                                  [01;31m[K^~~~~~~~~[m[K
      |                                                                           [32m[K;[m[K
[01m[K/home/farog/ros2_ws/src/car_gazebo_plugin/src/car_gazebo_plugin.hpp:166:66:[m[K [01;31m[Kerror: [m[Kredeclaration of â€˜[01m[Kint car_gazebo_plugin::CarGazeboPlugin::SharedPtr[m[Kâ€™
[01m[K/home/farog/ros2_ws/src/car_gazebo_plugin/src/car_gazebo_plugin.hpp:156:69:[m[K [01;36m[Knote: [m[Kprevious declaration â€˜[01m[Kint car_gazebo_plugin::CarGazeboPlugin::SharedPtr[m[Kâ€™
  156 |   rclcpp::Subscription<ackermann_msgs::msg::AckermannDriveStamped>::[01;36m[KSharedPtr[m[K
      |                                                                     [01;36m[K^~~~~~~~~[m[K
[01m[K/home/farog/ros2_ws/src/car_gazebo_plugin/src/car_gazebo_plugin.hpp:166:76:[m[K [01;31m[Kerror: [m[Kâ€˜[01m[Kackermann_pub[m[Kâ€™ does not name a type
  166 |   rclcpp::Publisher<ackermann_msgs::msg::AckermannDriveStamped>::SharedPtr [01;31m[Kackermann_pub[m[K;
      |                                                                            [01;31m[K^~~~~~~~~~~~~[m[K
[01m[K/home/farog/ros2_ws/src/car_gazebo_plugin/src/car_gazebo_plugin.hpp:195:28:[m[K [01;31m[Kerror: [m[Kâ€˜[01m[Kackermann_msgs::msg::AckermannDriveStamped[m[Kâ€™ has not been declared
  195 |       ackermann_msgs::msg::[01;31m[KAckermannDriveStamped[m[K::SharedPtr msg) {
      |                            [01;31m[K^~~~~~~~~~~~~~~~~~~~~[m[K
[01m[K/home/farog/ros2_ws/src/car_gazebo_plugin/src/car_gazebo_plugin.hpp:195:61:[m[K [01;31m[Kerror: [m[Kexpected â€˜[01m[K,[m[Kâ€™ or â€˜[01m[K...[m[Kâ€™ before â€˜[01m[Kmsg[m[Kâ€™
  195 |       ackermann_msgs::msg::AckermannDriveStamped::SharedPtr [01;31m[Kmsg[m[K) {
      |                                                             [01;31m[K^~~[m[K
[01m[K/home/farog/ros2_ws/src/car_gazebo_plugin/src/car_gazebo_plugin.hpp:[m[K In member function â€˜[01m[Kvoid car_gazebo_plugin::CarGazeboPlugin::joy_callback(sensor_msgs::msg::Joy_<std::allocator<void> >::SharedPtr)[m[Kâ€™:
[01m[K/home/farog/ros2_ws/src/car_gazebo_plugin/src/car_gazebo_plugin.hpp:186:28:[m[K [01;31m[Kerror: [m[Kâ€˜[01m[KAckermannDriveStamped[m[Kâ€™ is not a member of â€˜[01m[Kackermann_msgs::msg[m[Kâ€™; did you mean â€˜[01m[KAckermannDrive_[m[Kâ€™?
  186 |       ackermann_msgs::msg::[01;31m[KAckermannDriveStamped[m[K ad;
      |                            [01;31m[K^~~~~~~~~~~~~~~~~~~~~[m[K
      |                            [32m[KAckermannDrive_[m[K
[01m[K/home/farog/ros2_ws/src/car_gazebo_plugin/src/car_gazebo_plugin.hpp:187:7:[m[K [01;31m[Kerror: [m[Kâ€˜[01m[Kad[m[Kâ€™ was not declared in this scope; did you mean â€˜[01m[KLoad[m[Kâ€™?
  187 |       [01;31m[Kad[m[K.drive.steering_angle = msg->axes[0];
      |       [01;31m[K^~[m[K
      |       [32m[KLoad[m[K
[01m[K/home/farog/ros2_ws/src/car_gazebo_plugin/src/car_gazebo_plugin.hpp:190:7:[m[K [01;31m[Kerror: [m[Kâ€˜[01m[Kackermann_pub[m[Kâ€™ was not declared in this scope; did you mean â€˜[01m[Kackermann_msgs[m[Kâ€™?
  190 |       [01;31m[Kackermann_pub[m[K->publish(ad);
      |       [01;31m[K^~~~~~~~~~~~~[m[K
      |       [32m[Kackermann_msgs[m[K
[01m[K/home/farog/ros2_ws/src/car_gazebo_plugin/src/car_gazebo_plugin.hpp:[m[K In member function â€˜[01m[Kvoid car_gazebo_plugin::CarGazeboPlugin::ackermann_callback(int)[m[Kâ€™:
[01m[K/home/farog/ros2_ws/src/car_gazebo_plugin/src/car_gazebo_plugin.hpp:197:31:[m[K [01;31m[Kerror: [m[Kâ€˜[01m[Kmsg[m[Kâ€™ was not declared in this scope
  197 |     car_model.set_steer_angle([01;31m[Kmsg[m[K->drive.steering_angle);
      |                               [01;31m[K^~~[m[K
[01m[K/home/farog/ros2_ws/src/car_gazebo_plugin/src/car_gazebo_plugin.hpp:197:31:[m[K [01;36m[Knote: [m[Ksuggested alternatives:
In file included from [01m[K/opt/ros/humble/include/builtin_interfaces/builtin_interfaces/msg/duration.hpp:7[m[K,
                 from [01m[K/opt/ros/humble/include/rclcpp/rclcpp/duration.hpp:20[m[K,
                 from [01m[K/opt/ros/humble/include/rclcpp/rclcpp/qos.hpp:20[m[K,
                 from [01m[K/opt/ros/humble/include/rclcpp/rclcpp/node_interfaces/node_graph_interface.hpp:32[m[K,
                 from [01m[K/opt/ros/humble/include/rclcpp/rclcpp/client.hpp:42[m[K,
                 from [01m[K/opt/ros/humble/include/rclcpp/rclcpp/callback_group.hpp:24[m[K,
                 from [01m[K/opt/ros/humble/include/rclcpp/rclcpp/any_executable.hpp:20[m[K,
                 from [01m[K/opt/ros/humble/include/rclcpp/rclcpp/memory_strategy.hpp:25[m[K,
                 from [01m[K/opt/ros/humble/include/rclcpp/rclcpp/memory_strategies.hpp:18[m[K,
                 from [01m[K/opt/ros/humble/include/rclcpp/rclcpp/executor_options.hpp:20[m[K,
                 from [01m[K/opt/ros/humble/include/rclcpp/rclcpp/executor.hpp:37[m[K,
                 from [01m[K/opt/ros/humble/include/rclcpp/rclcpp/executors/multi_threaded_executor.hpp:25[m[K,
                 from [01m[K/opt/ros/humble/include/rclcpp/rclcpp/executors.hpp:21[m[K,
                 from [01m[K/opt/ros/humble/include/rclcpp/rclcpp/rclcpp.hpp:155[m[K,
                 from [01m[K/opt/ros/humble/include/tf2_ros/tf2_ros/transform_broadcaster.h:41[m[K,
                 from [01m[K/home/farog/ros2_ws/src/car_gazebo_plugin/src/car_gazebo_plugin.hpp:4[m[K,
                 from [01m[K/home/farog/ros2_ws/src/car_gazebo_plugin/src/car_gazebo_plugin.cpp:1[m[K:
[01m[K/opt/ros/humble/include/builtin_interfaces/builtin_interfaces/msg/detail/duration__struct.hpp:27:11:[m[K [01;36m[Knote: [m[K  â€˜[01m[Kbuiltin_interfaces::msg[m[Kâ€™
   27 | namespace [01;36m[Kmsg[m[K
      |           [01;36m[K^~~[m[K
In file included from [01m[K/opt/ros/humble/include/rcl_interfaces/rcl_interfaces/msg/set_parameters_result.hpp:7[m[K,
                 from [01m[K/opt/ros/humble/include/rclcpp/rclcpp/qos_overriding_options.hpp:28[m[K,
                 from [01m[K/opt/ros/humble/include/rclcpp/rclcpp/subscription_options.hpp:30[m[K,
                 from [01m[K/opt/ros/humble/include/rclcpp/rclcpp/subscription.hpp:45[m[K,
                 from [01m[K/opt/ros/humble/include/rclcpp/rclcpp/any_executable.hpp:25[m[K,
                 from [01m[K/opt/ros/humble/include/rclcpp/rclcpp/memory_strategy.hpp:25[m[K,
                 from [01m[K/opt/ros/humble/include/rclcpp/rclcpp/memory_strategies.hpp:18[m[K,
                 from [01m[K/opt/ros/humble/include/rclcpp/rclcpp/executor_options.hpp:20[m[K,
                 from [01m[K/opt/ros/humble/include/rclcpp/rclcpp/executor.hpp:37[m[K,
                 from [01m[K/opt/ros/humble/include/rclcpp/rclcpp/executors/multi_threaded_executor.hpp:25[m[K,
                 from [01m[K/opt/ros/humble/include/rclcpp/rclcpp/executors.hpp:21[m[K,
                 from [01m[K/opt/ros/humble/include/rclcpp/rclcpp/rclcpp.hpp:155[m[K,
                 from [01m[K/opt/ros/humble/include/tf2_ros/tf2_ros/transform_broadcaster.h:41[m[K,
                 from [01m[K/home/farog/ros2_ws/src/car_gazebo_plugin/src/car_gazebo_plugin.hpp:4[m[K,
                 from [01m[K/home/farog/ros2_ws/src/car_gazebo_plugin/src/car_gazebo_plugin.cpp:1[m[K:
[01m[K/opt/ros/humble/include/rcl_interfaces/rcl_interfaces/msg/detail/set_parameters_result__struct.hpp:27:11:[m[K [01;36m[Knote: [m[K  â€˜[01m[Krcl_interfaces::msg[m[Kâ€™
   27 | namespace [01;36m[Kmsg[m[K
      |           [01;36m[K^~~[m[K
In file included from [01m[K/opt/ros/humble/include/statistics_msgs/statistics_msgs/msg/detail/metrics_message__struct.hpp:23[m[K,
                 from [01m[K/opt/ros/humble/include/statistics_msgs/statistics_msgs/msg/metrics_message.hpp:7[m[K,
                 from [01m[K/opt/ros/humble/include/libstatistics_collector/libstatistics_collector/collector/generate_statistics_message.hpp:21[m[K,
                 from [01m[K/opt/ros/humble/include/rclcpp/rclcpp/topic_statistics/subscription_topic_statistics.hpp:23[m[K,
                 from [01m[K/opt/ros/humble/include/rclcpp/rclcpp/subscription.hpp:50[m[K,
                 from [01m[K/opt/ros/humble/include/rclcpp/rclcpp/any_executable.hpp:25[m[K,
                 from [01m[K/opt/ros/humble/include/rclcpp/rclcpp/memory_strategy.hpp:25[m[K,
                 from [01m[K/opt/ros/humble/include/rclcpp/rclcpp/memory_strategies.hpp:18[m[K,
                 from [01m[K/opt/ros/humble/include/rclcpp/rclcpp/executor_options.hpp:20[m[K,
                 from [01m[K/opt/ros/humble/include/rclcpp/rclcpp/executor.hpp:37[m[K,
                 from [01m[K/opt/ros/humble/include/rclcpp/rclcpp/executors/multi_threaded_executor.hpp:25[m[K,
                 from [01m[K/opt/ros/humble/include/rclcpp/rclcpp/executors.hpp:21[m[K,
                 from [01m[K/opt/ros/humble/include/rclcpp/rclcpp/rclcpp.hpp:155[m[K,
                 from [01m[K/opt/ros/humble/include/tf2_ros/tf2_ros/transform_broadcaster.h:41[m[K,
                 from [01m[K/home/farog/ros2_ws/src/car_gazebo_plugin/src/car_gazebo_plugin.hpp:4[m[K,
                 from [01m[K/home/farog/ros2_ws/src/car_gazebo_plugin/src/car_gazebo_plugin.cpp:1[m[K:
[01m[K/opt/ros/humble/include/statistics_msgs/statistics_msgs/msg/detail/statistic_data_point__struct.hpp:27:11:[m[K [01;36m[Knote: [m[K  â€˜[01m[Kstatistics_msgs::msg[m[Kâ€™
   27 | namespace [01;36m[Kmsg[m[K
      |           [01;36m[K^~~[m[K
In file included from [01m[K/opt/ros/humble/include/geometry_msgs/geometry_msgs/msg/detail/transform_stamped__struct.hpp:20[m[K,
                 from [01m[K/opt/ros/humble/include/geometry_msgs/geometry_msgs/msg/transform_stamped.hpp:7[m[K,
                 from [01m[K/opt/ros/humble/include/tf2_ros/tf2_ros/transform_broadcaster.h:42[m[K,
                 from [01m[K/home/farog/ros2_ws/src/car_gazebo_plugin/src/car_gazebo_plugin.hpp:4[m[K,
                 from [01m[K/home/farog/ros2_ws/src/car_gazebo_plugin/src/car_gazebo_plugin.cpp:1[m[K:
[01m[K/opt/ros/humble/include/std_msgs/std_msgs/msg/detail/header__struct.hpp:31:11:[m[K [01;36m[Knote: [m[K  â€˜[01m[Kstd_msgs::msg[m[Kâ€™
   31 | namespace [01;36m[Kmsg[m[K
      |           [01;36m[K^~~[m[K
In file included from [01m[K/opt/ros/humble/include/geometry_msgs/geometry_msgs/msg/detail/transform__struct.hpp:20[m[K,
                 from [01m[K/opt/ros/humble/include/geometry_msgs/geometry_msgs/msg/detail/transform_stamped__struct.hpp:22[m[K,
                 from [01m[K/opt/ros/humble/include/geometry_msgs/geometry_msgs/msg/transform_stamped.hpp:7[m[K,
                 from [01m[K/opt/ros/humble/include/tf2_ros/tf2_ros/transform_broadcaster.h:42[m[K,
                 from [01m[K/home/farog/ros2_ws/src/car_gazebo_plugin/src/car_gazebo_plugin.hpp:4[m[K,
                 from [01m[K/home/farog/ros2_ws/src/car_gazebo_plugin/src/car_gazebo_plugin.cpp:1[m[K:
[01m[K/opt/ros/humble/include/geometry_msgs/geometry_msgs/msg/detail/vector3__struct.hpp:27:11:[m[K [01;36m[Knote: [m[K  â€˜[01m[Kgeometry_msgs::msg[m[Kâ€™
   27 | namespace [01;36m[Kmsg[m[K
      |           [01;36m[K^~~[m[K
In file included from [01m[K/opt/ros/humble/include/tf2_msgs/tf2_msgs/msg/tf_message.hpp:7[m[K,
                 from [01m[K/opt/ros/humble/include/tf2_ros/tf2_ros/transform_broadcaster.h:43[m[K,
                 from [01m[K/home/farog/ros2_ws/src/car_gazebo_plugin/src/car_gazebo_plugin.hpp:4[m[K,
                 from [01m[K/home/farog/ros2_ws/src/car_gazebo_plugin/src/car_gazebo_plugin.cpp:1[m[K:
[01m[K/opt/ros/humble/include/tf2_msgs/tf2_msgs/msg/detail/tf_message__struct.hpp:31:11:[m[K [01;36m[Knote: [m[K  â€˜[01m[Ktf2_msgs::msg[m[Kâ€™
   31 | namespace [01;36m[Kmsg[m[K
      |           [01;36m[K^~~[m[K
In file included from [01m[K/opt/ros/humble/include/ackermann_msgs/ackermann_msgs/msg/ackermann_drive.hpp:7[m[K,
                 from [01m[K/home/farog/ros2_ws/src/car_gazebo_plugin/src/car_gazebo_plugin.hpp:5[m[K,
                 from [01m[K/home/farog/ros2_ws/src/car_gazebo_plugin/src/car_gazebo_plugin.cpp:1[m[K:
[01m[K/opt/ros/humble/include/ackermann_msgs/ackermann_msgs/msg/detail/ackermann_drive__struct.hpp:27:11:[m[K [01;36m[Knote: [m[K  â€˜[01m[Kackermann_msgs::msg[m[Kâ€™
   27 | namespace [01;36m[Kmsg[m[K
      |           [01;36m[K^~~[m[K
In file included from [01m[K/opt/ros/humble/include/nav_msgs/nav_msgs/msg/odometry.hpp:7[m[K,
                 from [01m[K/home/farog/ros2_ws/src/car_gazebo_plugin/src/car_gazebo_plugin.hpp:11[m[K,
                 from [01m[K/home/farog/ros2_ws/src/car_gazebo_plugin/src/car_gazebo_plugin.cpp:1[m[K:
[01m[K/opt/ros/humble/include/nav_msgs/nav_msgs/msg/detail/odometry__struct.hpp:35:11:[m[K [01;36m[Knote: [m[K  â€˜[01m[Knav_msgs::msg[m[Kâ€™
   35 | namespace [01;36m[Kmsg[m[K
      |           [01;36m[K^~~[m[K
In file included from [01m[K/opt/ros/humble/include/sensor_msgs/sensor_msgs/msg/joint_state.hpp:7[m[K,
                 from [01m[K/home/farog/ros2_ws/src/car_gazebo_plugin/src/car_gazebo_plugin.hpp:13[m[K,
                 from [01m[K/home/farog/ros2_ws/src/car_gazebo_plugin/src/car_gazebo_plugin.cpp:1[m[K:
[01m[K/opt/ros/humble/include/sensor_msgs/sensor_msgs/msg/detail/joint_state__struct.hpp:31:11:[m[K [01;36m[Knote: [m[K  â€˜[01m[Ksensor_msgs::msg[m[Kâ€™
   31 | namespace [01;36m[Kmsg[m[K
      |           [01;36m[K^~~[m[K
In file included from [01m[K/home/farog/ros2_ws/src/car_gazebo_plugin/src/car_gazebo_plugin.cpp:1[m[K:
[01m[K/home/farog/ros2_ws/src/car_gazebo_plugin/src/car_gazebo_plugin.hpp:[m[K In member function â€˜[01m[Kvoid car_gazebo_plugin::CarGazeboPlugin::twist_callback(geometry_msgs::msg::Twist_<std::allocator<void> >::SharedPtr)[m[Kâ€™:
[01m[K/home/farog/ros2_ws/src/car_gazebo_plugin/src/car_gazebo_plugin.hpp:226:26:[m[K [01;31m[Kerror: [m[Kâ€˜[01m[KAckermannDriveStamped[m[Kâ€™ is not a member of â€˜[01m[Kackermann_msgs::msg[m[Kâ€™; did you mean â€˜[01m[KAckermannDrive_[m[Kâ€™?
  226 |     ackermann_msgs::msg::[01;31m[KAckermannDriveStamped[m[K ad;
      |                          [01;31m[K^~~~~~~~~~~~~~~~~~~~~[m[K
      |                          [32m[KAckermannDrive_[m[K
[01m[K/home/farog/ros2_ws/src/car_gazebo_plugin/src/car_gazebo_plugin.hpp:227:5:[m[K [01;31m[Kerror: [m[Kâ€˜[01m[Kad[m[Kâ€™ was not declared in this scope; did you mean â€˜[01m[KLoad[m[Kâ€™?
  227 |     [01;31m[Kad[m[K.drive.speed = msg->linear.x;
      |     [01;31m[K^~[m[K
      |     [32m[KLoad[m[K
[01m[K/home/farog/ros2_ws/src/car_gazebo_plugin/src/car_gazebo_plugin.hpp:235:5:[m[K [01;31m[Kerror: [m[Kâ€˜[01m[Kackermann_pub[m[Kâ€™ was not declared in this scope; did you mean â€˜[01m[Kackermann_msgs[m[Kâ€™?
  235 |     [01;31m[Kackermann_pub[m[K->publish(ad);
      |     [01;31m[K^~~~~~~~~~~~~[m[K
      |     [32m[Kackermann_msgs[m[K
[01m[K/home/farog/ros2_ws/src/car_gazebo_plugin/src/car_gazebo_plugin.cpp:[m[K In member function â€˜[01m[Kvirtual void car_gazebo_plugin::CarGazeboPlugin::Load(gazebo::physics::ModelPtr, sdf::v9::ElementPtr)[m[Kâ€™:
[01m[K/home/farog/ros2_ws/src/car_gazebo_plugin/src/car_gazebo_plugin.cpp:116:5:[m[K [01;31m[Kerror: [m[Kâ€˜[01m[Kackermann_pub[m[Kâ€™ was not declared in this scope; did you mean â€˜[01m[Kackermann_msgs[m[Kâ€™?
  116 |     [01;31m[Kackermann_pub[m[K = ros_node_->create_publisher<ackermann_msgs::msg::AckermannDriveStamped>("/" + model_->GetName() + "/cmd_ackermann", 10);
      |     [01;31m[K^~~~~~~~~~~~~[m[K
      |     [32m[Kackermann_msgs[m[K
[01m[K/home/farog/ros2_ws/src/car_gazebo_plugin/src/car_gazebo_plugin.cpp:116:70:[m[K [01;31m[Kerror: [m[Kâ€˜[01m[KAckermannDriveStamped[m[Kâ€™ is not a member of â€˜[01m[Kackermann_msgs::msg[m[Kâ€™; did you mean â€˜[01m[KAckermannDrive_[m[Kâ€™?
  116 |     ackermann_pub = ros_node_->create_publisher<ackermann_msgs::msg::[01;31m[KAckermannDriveStamped[m[K>("/" + model_->GetName() + "/cmd_ackermann", 10);
      |                                                                      [01;31m[K^~~~~~~~~~~~~~~~~~~~~[m[K
      |                                                                      [32m[KAckermannDrive_[m[K
[01m[K/home/farog/ros2_ws/src/car_gazebo_plugin/src/car_gazebo_plugin.cpp:116:92:[m[K [01;31m[Kerror: [m[Kno matching function for call to â€˜[01m[Krclcpp::Node::create_publisher<<expression error> >(std::__cxx11::basic_string<char>, int)[m[Kâ€™
  116 |     ackermann_pub = [01;31m[Kros_node_->create_publisher<ackermann_msgs::msg::AckermannDriveStamped>("/" + model_->GetName() + "/cmd_ackermann", 10)[m[K;
      |                     [01;31m[K~~~~~~~~~~~~~~~~~~~~~~~~~~~~~~~~~~~~~~~~~~~~~~~~~~~~~~~~~~~~~~~~~~~~~~~^~~~~~~~~~~~~~~~~~~~~~~~~~~~~~~~~~~~~~~~~~~~~~~~[m[K
In file included from [01m[K/opt/ros/humble/include/rclcpp/rclcpp/node.hpp:1321[m[K,
                 from [01m[K/opt/ros/humble/include/rclcpp/rclcpp/executors/single_threaded_executor.hpp:28[m[K,
                 from [01m[K/opt/ros/humble/include/rclcpp/rclcpp/executors.hpp:22[m[K,
                 from [01m[K/opt/ros/humble/include/rclcpp/rclcpp/rclcpp.hpp:155[m[K,
                 from [01m[K/opt/ros/humble/include/tf2_ros/tf2_ros/transform_broadcaster.h:41[m[K,
                 from [01m[K/home/farog/ros2_ws/src/car_gazebo_plugin/src/car_gazebo_plugin.hpp:4[m[K,
                 from [01m[K/home/farog/ros2_ws/src/car_gazebo_plugin/src/car_gazebo_plugin.cpp:1[m[K:
[01m[K/opt/ros/humble/include/rclcpp/rclcpp/node_impl.hpp:73:1:[m[K [01;36m[Knote: [m[Kcandidate: â€˜[01m[Ktemplate<class MessageT, class AllocatorT, class PublisherT> std::shared_ptr<PublisherT> rclcpp::Node::create_publisher(const string&, const rclcpp::QoS&, const rclcpp::PublisherOptionsWithAllocator<AllocatorT>&)[m[Kâ€™
   73 | [01;36m[KNode[m[K::create_publisher(
      | [01;36m[K^~~~[m[K
[01m[K/opt/ros/humble/include/rclcpp/rclcpp/node_impl.hpp:73:1:[m[K [01;36m[Knote: [m[K  template argument deduction/substitution failed:
[01m[K/home/farog/ros2_ws/src/car_gazebo_plugin/src/car_gazebo_plugin.cpp:116:92:[m[K [01;31m[Kerror: [m[Ktemplate argument 1 is invalid
  116 |     ackermann_pub = [01;31m[Kros_node_->create_publisher<ackermann_msgs::msg::AckermannDriveStamped>("/" + model_->GetName() + "/cmd_ackermann", 10)[m[K;
      |                     [01;31m[K~~~~~~~~~~~~~~~~~~~~~~~~~~~~~~~~~~~~~~~~~~~~~~~~~~~~~~~~~~~~~~~~~~~~~~~^~~~~~~~~~~~~~~~~~~~~~~~~~~~~~~~~~~~~~~~~~~~~~~~[m[K
[01m[K/home/farog/ros2_ws/src/car_gazebo_plugin/src/car_gazebo_plugin.cpp:125:5:[m[K [01;31m[Kerror: [m[Kâ€˜[01m[Kackermann_sub[m[Kâ€™ was not declared in this scope; did you mean â€˜[01m[Kackermann_msgs[m[Kâ€™?
  125 |     [01;31m[Kackermann_sub[m[K = ros_node_->create_subscription<ackermann_msgs::msg::AckermannDriveStamped>(
      |     [01;31m[K^~~~~~~~~~~~~[m[K
      |     [32m[Kackermann_msgs[m[K
[01m[K/home/farog/ros2_ws/src/car_gazebo_plugin/src/car_gazebo_plugin.cpp:125:73:[m[K [01;31m[Kerror: [m[Kâ€˜[01m[KAckermannDriveStamped[m[Kâ€™ is not a member of â€˜[01m[Kackermann_msgs::msg[m[Kâ€™; did you mean â€˜[01m[KAckermannDrive_[m[Kâ€™?
  125 |     ackermann_sub = ros_node_->create_subscription<ackermann_msgs::msg::[01;31m[KAckermannDriveStamped[m[K>(
      |                                                                         [01;31m[K^~~~~~~~~~~~~~~~~~~~~[m[K
      |                                                                         [32m[KAckermannDrive_[m[K
[01m[K/home/farog/ros2_ws/src/car_gazebo_plugin/src/car_gazebo_plugin.cpp:125:95:[m[K [01;31m[Kerror: [m[Kno matching function for call to â€˜[01m[Krclcpp::Node::create_subscription<<expression error> >(std::__cxx11::basic_string<char>, int, std::_Bind_helper<false, void (car_gazebo_plugin::CarGazeboPlugin::*)(int), car_gazebo_plugin::CarGazeboPlugin*, const std::_Placeholder<1>&>::type)[m[Kâ€™
  125 |     ackermann_sub = [01;31m[Kros_node_->create_subscription<ackermann_msgs::msg::AckermannDriveStamped>([m[K
      |                     [01;31m[K~~~~~~~~~~~~~~~~~~~~~~~~~~~~~~~~~~~~~~~~~~~~~~~~~~~~~~~~~~~~~~~~~~~~~~~~~~^[m[K
  126 | [01;31m[K      "/" + model_->GetName() + "/cmd_ackermann", 2, std::bind(&CarGazeboPlugin::ackermann_callback, this, std::placeholders::_1))[m[K;
      |       [01;31m[K~~~~~~~~~~~~~~~~~~~~~~~~~~~~~~~~~~~~~~~~~~~~~~~~~~~~~~~~~~~~~~~~~~~~~~~~~~~~~~~~~~~~~~~~~~~~~~~~~~~~~~~~~~~~~~~~~~~~~~~~~~~~[m[K
In file included from [01m[K/opt/ros/humble/include/rclcpp/rclcpp/node.hpp:1321[m[K,
                 from [01m[K/opt/ros/humble/include/rclcpp/rclcpp/executors/single_threaded_executor.hpp:28[m[K,
                 from [01m[K/opt/ros/humble/include/rclcpp/rclcpp/executors.hpp:22[m[K,
                 from [01m[K/opt/ros/humble/include/rclcpp/rclcpp/rclcpp.hpp:155[m[K,
                 from [01m[K/opt/ros/humble/include/tf2_ros/tf2_ros/transform_broadcaster.h:41[m[K,
                 from [01m[K/home/farog/ros2_ws/src/car_gazebo_plugin/src/car_gazebo_plugin.hpp:4[m[K,
                 from [01m[K/home/farog/ros2_ws/src/car_gazebo_plugin/src/car_gazebo_plugin.cpp:1[m[K:
[01m[K/opt/ros/humble/include/rclcpp/rclcpp/node_impl.hpp:92:1:[m[K [01;36m[Knote: [m[Kcandidate: â€˜[01m[Ktemplate<class MessageT, class CallbackT, class AllocatorT, class SubscriptionT, class MessageMemoryStrategyT> std::shared_ptr<ROSMessageT> rclcpp::Node::create_subscription(const string&, const rclcpp::QoS&, CallbackT&&, const rclcpp::SubscriptionOptionsWithAllocator<AllocatorT>&, typename MessageMemoryStrategyT::SharedPtr)[m[Kâ€™
   92 | [01;36m[KNode[m[K::create_subscription(
      | [01;36m[K^~~~[m[K
[01m[K/opt/ros/humble/include/rclcpp/rclcpp/node_impl.hpp:92:1:[m[K [01;36m[Knote: [m[K  template argument deduction/substitution failed:
[01m[K/home/farog/ros2_ws/src/car_gazebo_plugin/src/car_gazebo_plugin.cpp:125:95:[m[K [01;31m[Kerror: [m[Ktemplate argument 1 is invalid
  125 |     ackermann_sub = [01;31m[Kros_node_->create_subscription<ackermann_msgs::msg::AckermannDriveStamped>([m[K
      |                     [01;31m[K~~~~~~~~~~~~~~~~~~~~~~~~~~~~~~~~~~~~~~~~~~~~~~~~~~~~~~~~~~~~~~~~~~~~~~~~~~^[m[K
  126 | [01;31m[K      "/" + model_->GetName() + "/cmd_ackermann", 2, std::bind(&CarGazeboPlugin::ackermann_callback, this, std::placeholders::_1))[m[K;
      |       [01;31m[K~~~~~~~~~~~~~~~~~~~~~~~~~~~~~~~~~~~~~~~~~~~~~~~~~~~~~~~~~~~~~~~~~~~~~~~~~~~~~~~~~~~~~~~~~~~~~~~~~~~~~~~~~~~~~~~~~~~~~~~~~~~~[m[K
gmake[2]: *** [CMakeFiles/car_gazebo_plugin.dir/build.make:76: CMakeFiles/car_gazebo_plugin.dir/src/car_gazebo_plugin.cpp.o] Error 1
gmake[1]: *** [CMakeFiles/Makefile2:137: CMakeFiles/car_gazebo_plugin.dir/all] Error 2
gmake: *** [Makefile:146: all] Error 2
